2024-02-29T10:20:14.852+05:30  INFO 4084 --- [restartedMain] com.maveric.hr360.HR360Application       : Starting HR360Application using Java 17.0.7 with PID 4084 (C:\Users\amritak\Documents\Internal_Project_BE\hr360\target\classes started by amritak in C:\Users\amritak\Documents\Internal_Project_BE\hr360)
2024-02-29T10:20:14.863+05:30  INFO 4084 --- [restartedMain] com.maveric.hr360.HR360Application       : The following 1 profile is active: "${environmentName}"
2024-02-29T10:20:14.975+05:30  INFO 4084 --- [restartedMain] .e.DevToolsPropertyDefaultsPostProcessor : Devtools property defaults active! Set 'spring.devtools.add-properties' to 'false' to disable
2024-02-29T10:20:14.975+05:30  INFO 4084 --- [restartedMain] .e.DevToolsPropertyDefaultsPostProcessor : For additional web related logging consider setting the 'logging.level.web' property to 'DEBUG'
2024-02-29T10:20:17.026+05:30  INFO 4084 --- [restartedMain] .s.d.r.c.RepositoryConfigurationDelegate : Bootstrapping Spring Data MongoDB repositories in DEFAULT mode.
2024-02-29T10:20:17.289+05:30  INFO 4084 --- [restartedMain] .s.d.r.c.RepositoryConfigurationDelegate : Finished Spring Data repository scanning in 254 ms. Found 8 MongoDB repository interfaces.
2024-02-29T10:20:17.701+05:30  INFO 4084 --- [restartedMain] o.s.cloud.context.scope.GenericScope     : BeanFactory id=cdcb04cd-8d76-33c7-b83e-700ddd3075f8
2024-02-29T10:20:18.598+05:30  INFO 4084 --- [restartedMain] o.s.b.w.embedded.tomcat.TomcatWebServer  : Tomcat initialized with port 8087 (http)
2024-02-29T10:20:18.623+05:30  INFO 4084 --- [restartedMain] o.apache.catalina.core.StandardService   : Starting service [Tomcat]
2024-02-29T10:20:18.624+05:30  INFO 4084 --- [restartedMain] o.apache.catalina.core.StandardEngine    : Starting Servlet engine: [Apache Tomcat/10.1.17]
2024-02-29T10:20:18.787+05:30  INFO 4084 --- [restartedMain] o.a.c.c.C.[Tomcat].[localhost].[/]       : Initializing Spring embedded WebApplicationContext
2024-02-29T10:20:18.788+05:30  INFO 4084 --- [restartedMain] w.s.c.ServletWebServerApplicationContext : Root WebApplicationContext: initialization completed in 3811 ms
2024-02-29T10:20:19.470+05:30  INFO 4084 --- [restartedMain] org.mongodb.driver.client                : MongoClient with metadata {"driver": {"name": "mongo-java-driver|sync", "version": "4.11.1"}, "os": {"type": "Windows", "name": "Windows 10", "architecture": "amd64", "version": "10.0"}, "platform": "Java/Eclipse Adoptium/17.0.7+7"} created with settings MongoClientSettings{readPreference=primary, writeConcern=WriteConcern{w=null, wTimeout=null ms, journal=null}, retryWrites=true, retryReads=true, readConcern=ReadConcern{level=null}, credential=null, transportSettings=null, streamFactoryFactory=null, commandListeners=[], codecRegistry=ProvidersCodecRegistry{codecProviders=[ValueCodecProvider{}, BsonValueCodecProvider{}, DBRefCodecProvider{}, DBObjectCodecProvider{}, DocumentCodecProvider{}, CollectionCodecProvider{}, IterableCodecProvider{}, MapCodecProvider{}, GeoJsonCodecProvider{}, GridFSFileCodecProvider{}, Jsr310CodecProvider{}, JsonObjectCodecProvider{}, BsonCodecProvider{}, EnumCodecProvider{}, com.mongodb.client.model.mql.ExpressionCodecProvider@6a97ff4c, com.mongodb.Jep395RecordCodecProvider@4978e073, com.mongodb.KotlinCodecProvider@2676f3d4]}, loggerSettings=LoggerSettings{maxDocumentLength=1000}, clusterSettings={hosts=[localhost:27017], srvServiceName=mongodb, mode=SINGLE, requiredClusterType=UNKNOWN, requiredReplicaSetName='null', serverSelector='null', clusterListeners='[]', serverSelectionTimeout='30000 ms', localThreshold='15 ms'}, socketSettings=SocketSettings{connectTimeoutMS=10000, readTimeoutMS=0, receiveBufferSize=0, proxySettings=ProxySettings{host=null, port=null, username=null, password=null}}, heartbeatSocketSettings=SocketSettings{connectTimeoutMS=10000, readTimeoutMS=10000, receiveBufferSize=0, proxySettings=ProxySettings{host=null, port=null, username=null, password=null}}, connectionPoolSettings=ConnectionPoolSettings{maxSize=100, minSize=0, maxWaitTimeMS=120000, maxConnectionLifeTimeMS=0, maxConnectionIdleTimeMS=0, maintenanceInitialDelayMS=0, maintenanceFrequencyMS=60000, connectionPoolListeners=[], maxConnecting=2}, serverSettings=ServerSettings{heartbeatFrequencyMS=10000, minHeartbeatFrequencyMS=500, serverListeners='[]', serverMonitorListeners='[]'}, sslSettings=SslSettings{enabled=false, invalidHostNameAllowed=false, context=null}, applicationName='null', compressorList=[], uuidRepresentation=UNSPECIFIED, serverApi=null, autoEncryptionSettings=null, dnsClient=null, inetAddressResolver=null, contextProvider=null}
2024-02-29T10:20:19.499+05:30  INFO 4084 --- [cluster-ClusterId{value='65e00d0b02deb8489ab3dfda', description='null'}-localhost:27017] org.mongodb.driver.cluster               : Monitor thread successfully connected to server with description ServerDescription{address=localhost:27017, type=STANDALONE, state=CONNECTED, ok=true, minWireVersion=0, maxWireVersion=21, maxDocumentSize=16777216, logicalSessionTimeoutMinutes=30, roundTripTimeNanos=46082000}
2024-02-29T10:20:20.033+05:30  INFO 4084 --- [restartedMain] o.s.b.d.a.OptionalLiveReloadServer       : LiveReload server is running on port 35729
2024-02-29T10:20:20.333+05:30  INFO 4084 --- [restartedMain] org.mongodb.driver.client                : MongoClient with metadata {"driver": {"name": "mongo-java-driver|sync", "version": "4.11.1"}, "os": {"type": "Windows", "name": "Windows 10", "architecture": "amd64", "version": "10.0"}, "platform": "Java/Eclipse Adoptium/17.0.7+7"} created with settings MongoClientSettings{readPreference=primary, writeConcern=WriteConcern{w=null, wTimeout=null ms, journal=null}, retryWrites=true, retryReads=true, readConcern=ReadConcern{level=null}, credential=null, transportSettings=null, streamFactoryFactory=null, commandListeners=[], codecRegistry=ProvidersCodecRegistry{codecProviders=[ValueCodecProvider{}, BsonValueCodecProvider{}, DBRefCodecProvider{}, DBObjectCodecProvider{}, DocumentCodecProvider{}, CollectionCodecProvider{}, IterableCodecProvider{}, MapCodecProvider{}, GeoJsonCodecProvider{}, GridFSFileCodecProvider{}, Jsr310CodecProvider{}, JsonObjectCodecProvider{}, BsonCodecProvider{}, EnumCodecProvider{}, com.mongodb.client.model.mql.ExpressionCodecProvider@6a97ff4c, com.mongodb.Jep395RecordCodecProvider@4978e073, com.mongodb.KotlinCodecProvider@2676f3d4]}, loggerSettings=LoggerSettings{maxDocumentLength=1000}, clusterSettings={hosts=[localhost:27017], srvServiceName=mongodb, mode=SINGLE, requiredClusterType=UNKNOWN, requiredReplicaSetName='null', serverSelector='null', clusterListeners='[]', serverSelectionTimeout='30000 ms', localThreshold='15 ms'}, socketSettings=SocketSettings{connectTimeoutMS=10000, readTimeoutMS=0, receiveBufferSize=0, proxySettings=ProxySettings{host=null, port=null, username=null, password=null}}, heartbeatSocketSettings=SocketSettings{connectTimeoutMS=10000, readTimeoutMS=10000, receiveBufferSize=0, proxySettings=ProxySettings{host=null, port=null, username=null, password=null}}, connectionPoolSettings=ConnectionPoolSettings{maxSize=100, minSize=0, maxWaitTimeMS=120000, maxConnectionLifeTimeMS=0, maxConnectionIdleTimeMS=0, maintenanceInitialDelayMS=0, maintenanceFrequencyMS=60000, connectionPoolListeners=[], maxConnecting=2}, serverSettings=ServerSettings{heartbeatFrequencyMS=10000, minHeartbeatFrequencyMS=500, serverListeners='[]', serverMonitorListeners='[]'}, sslSettings=SslSettings{enabled=false, invalidHostNameAllowed=false, context=null}, applicationName='null', compressorList=[], uuidRepresentation=UNSPECIFIED, serverApi=null, autoEncryptionSettings=null, dnsClient=null, inetAddressResolver=null, contextProvider=null}
2024-02-29T10:20:20.342+05:30  INFO 4084 --- [cluster-ClusterId{value='65e00d0c02deb8489ab3dfdb', description='null'}-localhost:27017] org.mongodb.driver.cluster               : Monitor thread successfully connected to server with description ServerDescription{address=localhost:27017, type=STANDALONE, state=CONNECTED, ok=true, minWireVersion=0, maxWireVersion=21, maxDocumentSize=16777216, logicalSessionTimeoutMinutes=30, roundTripTimeNanos=7824600}
2024-02-29T10:20:23.306+05:30  INFO 4084 --- [restartedMain] o.s.cloud.commons.util.InetUtils         : Cannot determine local hostname
2024-02-29T10:20:23.436+05:30  INFO 4084 --- [restartedMain] o.s.b.w.embedded.tomcat.TomcatWebServer  : Tomcat started on port 8087 (http) with context path ''
2024-02-29T10:20:24.671+05:30  INFO 4084 --- [restartedMain] o.s.cloud.commons.util.InetUtils         : Cannot determine local hostname
2024-02-29T10:20:24.689+05:30  INFO 4084 --- [restartedMain] com.maveric.hr360.HR360Application       : Started HR360Application in 11.969 seconds (process running for 14.016)
2024-02-29T10:24:05.072+05:30  INFO 4084 --- [http-nio-8087-exec-2] o.a.c.c.C.[Tomcat].[localhost].[/]       : Initializing Spring DispatcherServlet 'dispatcherServlet'
2024-02-29T10:24:05.073+05:30  INFO 4084 --- [http-nio-8087-exec-2] o.s.web.servlet.DispatcherServlet        : Initializing Servlet 'dispatcherServlet'
2024-02-29T10:24:05.075+05:30  INFO 4084 --- [http-nio-8087-exec-2] o.s.web.servlet.DispatcherServlet        : Completed initialization in 2 ms
2024-02-29T10:24:05.421+05:30  INFO 4084 --- [http-nio-8087-exec-2] c.m.h.s.i.SurveyDetailsServiceImpl       : SurveyDetailsServiceImpl::convertMultiPartToPath()::Start
2024-02-29T10:24:05.431+05:30  INFO 4084 --- [http-nio-8087-exec-2] c.m.h.s.i.SurveyDetailsServiceImpl       : SurveyDetailsServiceImpl::convertMultiPartToPath()::end
2024-02-29T10:24:05.432+05:30  INFO 4084 --- [http-nio-8087-exec-2] c.m.h.s.i.SurveyDetailsServiceImpl       : SurveyDetailsServiceImpl::getExcelDataAsList()::Start
2024-02-29T10:24:06.421+05:30  INFO 4084 --- [http-nio-8087-exec-2] c.m.h.s.i.SurveyDetailsServiceImpl       : SurveyDetailsServiceImpl::getExcelDataAsList()::workbook created
2024-02-29T10:24:06.439+05:30  INFO 4084 --- [http-nio-8087-exec-2] c.m.h.s.i.SurveyDetailsServiceImpl       : SurveyDetailsServiceImpl::setQuestionCountPerLevel()::start
2024-02-29T10:24:06.441+05:30  INFO 4084 --- [http-nio-8087-exec-2] c.m.h.s.i.SurveyDetailsServiceImpl       : SurveyDetailsServiceImpl::setQuestionCountPerLevel()::end
2024-02-29T10:24:06.441+05:30  INFO 4084 --- [http-nio-8087-exec-2] c.m.h.s.i.SurveyDetailsServiceImpl       : SurveyDetailsServiceImpl::setResponseListDetails()::start
2024-02-29T10:24:06.442+05:30  INFO 4084 --- [http-nio-8087-exec-2] c.m.h.s.i.SurveyDetailsServiceImpl       : SurveyDetailsServiceImpl::setResponseListDetails()::end
2024-02-29T10:24:06.466+05:30  INFO 4084 --- [http-nio-8087-exec-2] c.m.h.s.i.SurveyDetailsServiceImpl       : SurveyDetailsServiceImpl::setResponseListDetails()::start
2024-02-29T10:24:06.468+05:30  INFO 4084 --- [http-nio-8087-exec-2] c.m.h.s.i.SurveyDetailsServiceImpl       : SurveyDetailsServiceImpl::setResponseListDetails()::end
2024-02-29T10:24:06.473+05:30  INFO 4084 --- [http-nio-8087-exec-2] c.m.h.s.i.SurveyDetailsServiceImpl       : SurveyDetailsServiceImpl::setResponseListDetails()::start
2024-02-29T10:24:06.475+05:30  INFO 4084 --- [http-nio-8087-exec-2] c.m.h.s.i.SurveyDetailsServiceImpl       : SurveyDetailsServiceImpl::setResponseListDetails()::end
2024-02-29T10:24:06.477+05:30  INFO 4084 --- [http-nio-8087-exec-2] c.m.h.s.i.SurveyDetailsServiceImpl       : SurveyDetailsServiceImpl::setResponseListDetails()::start
2024-02-29T10:24:06.478+05:30  INFO 4084 --- [http-nio-8087-exec-2] c.m.h.s.i.SurveyDetailsServiceImpl       : SurveyDetailsServiceImpl::setResponseListDetails()::end
2024-02-29T10:24:06.592+05:30  INFO 4084 --- [http-nio-8087-exec-2] c.m.h.s.i.SurveyDetailsServiceImpl       : SurveyDetailsServiceImpl::getExcelDataAsList()::workbook created
2024-02-29T10:24:06.592+05:30  INFO 4084 --- [http-nio-8087-exec-2] c.m.h.s.i.SurveyDetailsServiceImpl       : SurveyDetailsServiceImpl::setQuestionCountPerLevel()::start
2024-02-29T10:24:06.592+05:30  INFO 4084 --- [http-nio-8087-exec-2] c.m.h.s.i.SurveyDetailsServiceImpl       : SurveyDetailsServiceImpl::setQuestionCountPerLevel()::end
2024-02-29T10:24:06.592+05:30  INFO 4084 --- [http-nio-8087-exec-2] c.m.h.s.i.SurveyDetailsServiceImpl       : SurveyDetailsServiceImpl::setResponseListDetails()::start
2024-02-29T10:24:06.592+05:30  INFO 4084 --- [http-nio-8087-exec-2] c.m.h.s.i.SurveyDetailsServiceImpl       : SurveyDetailsServiceImpl::setResponseListDetails()::end
2024-02-29T10:24:06.594+05:30  INFO 4084 --- [http-nio-8087-exec-2] c.m.h.s.i.SurveyDetailsServiceImpl       : SurveyDetailsServiceImpl::setResponseListDetails()::start
2024-02-29T10:24:06.595+05:30  INFO 4084 --- [http-nio-8087-exec-2] c.m.h.s.i.SurveyDetailsServiceImpl       : SurveyDetailsServiceImpl::setResponseListDetails()::end
2024-02-29T10:24:06.596+05:30  INFO 4084 --- [http-nio-8087-exec-2] c.m.h.s.i.SurveyDetailsServiceImpl       : SurveyDetailsServiceImpl::setResponseListDetails()::start
2024-02-29T10:24:06.596+05:30  INFO 4084 --- [http-nio-8087-exec-2] c.m.h.s.i.SurveyDetailsServiceImpl       : SurveyDetailsServiceImpl::setResponseListDetails()::end
2024-02-29T10:24:06.598+05:30  INFO 4084 --- [http-nio-8087-exec-2] c.m.h.s.i.SurveyDetailsServiceImpl       : SurveyDetailsServiceImpl::setResponseListDetails()::start
2024-02-29T10:24:06.599+05:30  INFO 4084 --- [http-nio-8087-exec-2] c.m.h.s.i.SurveyDetailsServiceImpl       : SurveyDetailsServiceImpl::setResponseListDetails()::end
2024-02-29T10:24:06.643+05:30  INFO 4084 --- [http-nio-8087-exec-2] c.m.h.s.i.SurveyDetailsServiceImpl       : SurveyDetailsServiceImpl::getExcelDataAsList()::workbook created
2024-02-29T10:24:06.644+05:30  INFO 4084 --- [http-nio-8087-exec-2] c.m.h.s.i.SurveyDetailsServiceImpl       : SurveyDetailsServiceImpl::setQuestionCountPerLevel()::start
2024-02-29T10:24:06.644+05:30  INFO 4084 --- [http-nio-8087-exec-2] c.m.h.s.i.SurveyDetailsServiceImpl       : SurveyDetailsServiceImpl::setQuestionCountPerLevel()::end
2024-02-29T10:24:06.644+05:30  INFO 4084 --- [http-nio-8087-exec-2] c.m.h.s.i.SurveyDetailsServiceImpl       : SurveyDetailsServiceImpl::setResponseListDetails()::start
2024-02-29T10:24:06.644+05:30  INFO 4084 --- [http-nio-8087-exec-2] c.m.h.s.i.SurveyDetailsServiceImpl       : SurveyDetailsServiceImpl::setResponseListDetails()::end
2024-02-29T10:24:06.645+05:30  INFO 4084 --- [http-nio-8087-exec-2] c.m.h.s.i.SurveyDetailsServiceImpl       : SurveyDetailsServiceImpl::setResponseListDetails()::start
2024-02-29T10:24:06.645+05:30  INFO 4084 --- [http-nio-8087-exec-2] c.m.h.s.i.SurveyDetailsServiceImpl       : SurveyDetailsServiceImpl::setResponseListDetails()::end
2024-02-29T10:24:06.647+05:30  INFO 4084 --- [http-nio-8087-exec-2] c.m.h.s.i.SurveyDetailsServiceImpl       : SurveyDetailsServiceImpl::setResponseListDetails()::start
2024-02-29T10:24:06.647+05:30  INFO 4084 --- [http-nio-8087-exec-2] c.m.h.s.i.SurveyDetailsServiceImpl       : SurveyDetailsServiceImpl::setResponseListDetails()::end
2024-02-29T10:24:06.648+05:30  INFO 4084 --- [http-nio-8087-exec-2] c.m.h.s.i.SurveyDetailsServiceImpl       : SurveyDetailsServiceImpl::setResponseListDetails()::start
2024-02-29T10:24:06.648+05:30  INFO 4084 --- [http-nio-8087-exec-2] c.m.h.s.i.SurveyDetailsServiceImpl       : SurveyDetailsServiceImpl::setResponseListDetails()::end
2024-02-29T10:24:06.692+05:30  INFO 4084 --- [http-nio-8087-exec-2] c.m.h.s.i.SurveyDetailsServiceImpl       : SurveyDetailsServiceImpl::getExcelDataAsList()::workbook created
2024-02-29T10:24:06.693+05:30  INFO 4084 --- [http-nio-8087-exec-2] c.m.h.s.i.SurveyDetailsServiceImpl       : SurveyDetailsServiceImpl::setQuestionCountPerLevel()::start
2024-02-29T10:24:06.693+05:30  INFO 4084 --- [http-nio-8087-exec-2] c.m.h.s.i.SurveyDetailsServiceImpl       : SurveyDetailsServiceImpl::setQuestionCountPerLevel()::end
2024-02-29T10:24:06.693+05:30  INFO 4084 --- [http-nio-8087-exec-2] c.m.h.s.i.SurveyDetailsServiceImpl       : SurveyDetailsServiceImpl::setResponseListDetails()::start
2024-02-29T10:24:06.693+05:30  INFO 4084 --- [http-nio-8087-exec-2] c.m.h.s.i.SurveyDetailsServiceImpl       : SurveyDetailsServiceImpl::setResponseListDetails()::end
2024-02-29T10:24:06.694+05:30  INFO 4084 --- [http-nio-8087-exec-2] c.m.h.s.i.SurveyDetailsServiceImpl       : SurveyDetailsServiceImpl::setResponseListDetails()::start
2024-02-29T10:24:06.694+05:30  INFO 4084 --- [http-nio-8087-exec-2] c.m.h.s.i.SurveyDetailsServiceImpl       : SurveyDetailsServiceImpl::setResponseListDetails()::end
2024-02-29T10:24:06.695+05:30  INFO 4084 --- [http-nio-8087-exec-2] c.m.h.s.i.SurveyDetailsServiceImpl       : SurveyDetailsServiceImpl::setResponseListDetails()::start
2024-02-29T10:24:06.696+05:30  INFO 4084 --- [http-nio-8087-exec-2] c.m.h.s.i.SurveyDetailsServiceImpl       : SurveyDetailsServiceImpl::setResponseListDetails()::end
2024-02-29T10:24:06.697+05:30  INFO 4084 --- [http-nio-8087-exec-2] c.m.h.s.i.SurveyDetailsServiceImpl       : SurveyDetailsServiceImpl::setResponseListDetails()::start
2024-02-29T10:24:06.697+05:30  INFO 4084 --- [http-nio-8087-exec-2] c.m.h.s.i.SurveyDetailsServiceImpl       : SurveyDetailsServiceImpl::setResponseListDetails()::end
2024-02-29T10:24:06.713+05:30  INFO 4084 --- [http-nio-8087-exec-2] c.m.h.s.i.SurveyDetailsServiceImpl       : SurveyDetailsServiceImpl::setSurveyDetails()::start
2024-02-29T10:24:06.714+05:30  INFO 4084 --- [http-nio-8087-exec-2] c.m.h.s.i.SurveyDetailsServiceImpl       : SurveyDetailsServiceImpl::setSurveyDetails()::end
2024-02-29T10:24:06.714+05:30  INFO 4084 --- [http-nio-8087-exec-2] c.m.h.s.i.SurveyDetailsServiceImpl       : SurveyDetailsServiceImpl::saveExcelData()::start
2024-02-29T10:24:06.919+05:30  INFO 4084 --- [http-nio-8087-exec-2] c.m.h.s.i.SurveyDetailsServiceImpl       : SurveyDetailsServiceImpl::saveExcelData()::end
2024-02-29T10:24:06.920+05:30  INFO 4084 --- [http-nio-8087-exec-2] c.m.h.s.i.ScoreCalculationServiceImpl    : ScoreCalculationService::scorecalculationmethod::started
2024-02-29T10:24:07.024+05:30  INFO 4084 --- [http-nio-8087-exec-2] c.m.h.s.i.ScoreCalculationServiceImpl    : SurveyDetails com.maveric.hr360.entity.SurveyDetails@5cb7f631 fetched successfully for the given survey name survey_2024-02-29T10:24:06
2024-02-29T10:24:07.026+05:30  INFO 4084 --- [http-nio-8087-exec-2] c.m.h.s.i.ScoreCalculationServiceImpl    : collecting distinct emp id list from surveydeatils [1005393, 1009021, 1008245]
2024-02-29T10:24:07.027+05:30  INFO 4084 --- [http-nio-8087-exec-2] c.m.h.s.i.ScoreCalculationServiceImpl    : for empid 1005393 reportdetails call 
2024-02-29T10:24:07.027+05:30  INFO 4084 --- [http-nio-8087-exec-2] c.m.h.s.i.ScoreCalculationServiceImpl    : scoreCalculationforOneEmployee call started
2024-02-29T10:24:07.028+05:30  INFO 4084 --- [http-nio-8087-exec-2] c.m.h.s.i.ScoreCalculationServiceImpl    : aggregated response  com.maveric.hr360.entity.EmployeesResponse@704ab13a
2024-02-29T10:24:07.028+05:30  INFO 4084 --- [http-nio-8087-exec-2] c.m.h.s.i.ScoreCalculationServiceImpl    : calculateReportDetails for employee Id 1005393 is started
2024-02-29T10:24:07.028+05:30  INFO 4084 --- [http-nio-8087-exec-2] c.m.h.s.i.ScoreCalculationServiceImpl    : calculateReportDetails method call started for emp 1005393
2024-02-29T10:24:07.034+05:30 ERROR 4084 --- [http-nio-8087-exec-2] c.m.h.s.i.ScoreCalculationServiceImpl    : Failed to calculate report details for employee ID 1005393 and delete the entries from reportdetails,absolutescore,percentile and Nth percentile, exception message Cannot invoke "com.maveric.hr360.entity.Questions.getQuestionSection()" because "questions" is null
2024-02-29T10:24:07.059+05:30 ERROR 4084 --- [http-nio-8087-exec-2] c.m.h.s.i.ScoreCalculationServiceImpl    : error in scoreCalculation method ,exception message Score calculation failed.Exception occured while computing score for EmployeeId - 1005393
2024-02-29T10:25:40.298+05:30  INFO 4084 --- [http-nio-8087-exec-4] c.m.h.s.i.SurveyDetailsServiceImpl       : SurveyDetailsServiceImpl::convertMultiPartToPath()::Start
2024-02-29T10:25:40.312+05:30  INFO 4084 --- [http-nio-8087-exec-4] c.m.h.s.i.SurveyDetailsServiceImpl       : SurveyDetailsServiceImpl::convertMultiPartToPath()::end
2024-02-29T10:25:40.313+05:30  INFO 4084 --- [http-nio-8087-exec-4] c.m.h.s.i.SurveyDetailsServiceImpl       : SurveyDetailsServiceImpl::getExcelDataAsList()::Start
2024-02-29T10:25:40.334+05:30  INFO 4084 --- [http-nio-8087-exec-4] c.m.h.s.i.SurveyDetailsServiceImpl       : SurveyDetailsServiceImpl::getExcelDataAsList()::workbook created
2024-02-29T10:25:40.335+05:30  INFO 4084 --- [http-nio-8087-exec-4] c.m.h.s.i.SurveyDetailsServiceImpl       : SurveyDetailsServiceImpl::setQuestionCountPerLevel()::start
2024-02-29T10:25:40.335+05:30  INFO 4084 --- [http-nio-8087-exec-4] c.m.h.s.i.SurveyDetailsServiceImpl       : SurveyDetailsServiceImpl::setQuestionCountPerLevel()::end
2024-02-29T10:25:40.336+05:30  INFO 4084 --- [http-nio-8087-exec-4] c.m.h.s.i.SurveyDetailsServiceImpl       : SurveyDetailsServiceImpl::setResponseListDetails()::start
2024-02-29T10:25:40.336+05:30  INFO 4084 --- [http-nio-8087-exec-4] c.m.h.s.i.SurveyDetailsServiceImpl       : SurveyDetailsServiceImpl::setResponseListDetails()::end
2024-02-29T10:25:40.337+05:30  INFO 4084 --- [http-nio-8087-exec-4] c.m.h.s.i.SurveyDetailsServiceImpl       : SurveyDetailsServiceImpl::setResponseListDetails()::start
2024-02-29T10:25:40.338+05:30  INFO 4084 --- [http-nio-8087-exec-4] c.m.h.s.i.SurveyDetailsServiceImpl       : SurveyDetailsServiceImpl::setResponseListDetails()::end
2024-02-29T10:25:40.339+05:30  INFO 4084 --- [http-nio-8087-exec-4] c.m.h.s.i.SurveyDetailsServiceImpl       : SurveyDetailsServiceImpl::setResponseListDetails()::start
2024-02-29T10:25:40.340+05:30  INFO 4084 --- [http-nio-8087-exec-4] c.m.h.s.i.SurveyDetailsServiceImpl       : SurveyDetailsServiceImpl::setResponseListDetails()::end
2024-02-29T10:25:40.341+05:30  INFO 4084 --- [http-nio-8087-exec-4] c.m.h.s.i.SurveyDetailsServiceImpl       : SurveyDetailsServiceImpl::setResponseListDetails()::start
2024-02-29T10:25:40.341+05:30  INFO 4084 --- [http-nio-8087-exec-4] c.m.h.s.i.SurveyDetailsServiceImpl       : SurveyDetailsServiceImpl::setResponseListDetails()::end
2024-02-29T10:25:40.378+05:30  INFO 4084 --- [http-nio-8087-exec-4] c.m.h.s.i.SurveyDetailsServiceImpl       : SurveyDetailsServiceImpl::getExcelDataAsList()::workbook created
2024-02-29T10:25:40.379+05:30  INFO 4084 --- [http-nio-8087-exec-4] c.m.h.s.i.SurveyDetailsServiceImpl       : SurveyDetailsServiceImpl::setQuestionCountPerLevel()::start
2024-02-29T10:25:40.379+05:30  INFO 4084 --- [http-nio-8087-exec-4] c.m.h.s.i.SurveyDetailsServiceImpl       : SurveyDetailsServiceImpl::setQuestionCountPerLevel()::end
2024-02-29T10:25:40.379+05:30  INFO 4084 --- [http-nio-8087-exec-4] c.m.h.s.i.SurveyDetailsServiceImpl       : SurveyDetailsServiceImpl::setResponseListDetails()::start
2024-02-29T10:25:40.379+05:30  INFO 4084 --- [http-nio-8087-exec-4] c.m.h.s.i.SurveyDetailsServiceImpl       : SurveyDetailsServiceImpl::setResponseListDetails()::end
2024-02-29T10:25:40.379+05:30  INFO 4084 --- [http-nio-8087-exec-4] c.m.h.s.i.SurveyDetailsServiceImpl       : SurveyDetailsServiceImpl::setResponseListDetails()::start
2024-02-29T10:25:40.380+05:30  INFO 4084 --- [http-nio-8087-exec-4] c.m.h.s.i.SurveyDetailsServiceImpl       : SurveyDetailsServiceImpl::setResponseListDetails()::end
2024-02-29T10:25:40.381+05:30  INFO 4084 --- [http-nio-8087-exec-4] c.m.h.s.i.SurveyDetailsServiceImpl       : SurveyDetailsServiceImpl::setResponseListDetails()::start
2024-02-29T10:25:40.381+05:30  INFO 4084 --- [http-nio-8087-exec-4] c.m.h.s.i.SurveyDetailsServiceImpl       : SurveyDetailsServiceImpl::setResponseListDetails()::end
2024-02-29T10:25:40.381+05:30  INFO 4084 --- [http-nio-8087-exec-4] c.m.h.s.i.SurveyDetailsServiceImpl       : SurveyDetailsServiceImpl::setResponseListDetails()::start
2024-02-29T10:25:40.382+05:30  INFO 4084 --- [http-nio-8087-exec-4] c.m.h.s.i.SurveyDetailsServiceImpl       : SurveyDetailsServiceImpl::setResponseListDetails()::end
2024-02-29T10:25:40.418+05:30  INFO 4084 --- [http-nio-8087-exec-4] c.m.h.s.i.SurveyDetailsServiceImpl       : SurveyDetailsServiceImpl::getExcelDataAsList()::workbook created
2024-02-29T10:25:40.419+05:30  INFO 4084 --- [http-nio-8087-exec-4] c.m.h.s.i.SurveyDetailsServiceImpl       : SurveyDetailsServiceImpl::setQuestionCountPerLevel()::start
2024-02-29T10:25:40.419+05:30  INFO 4084 --- [http-nio-8087-exec-4] c.m.h.s.i.SurveyDetailsServiceImpl       : SurveyDetailsServiceImpl::setQuestionCountPerLevel()::end
2024-02-29T10:25:40.419+05:30  INFO 4084 --- [http-nio-8087-exec-4] c.m.h.s.i.SurveyDetailsServiceImpl       : SurveyDetailsServiceImpl::setResponseListDetails()::start
2024-02-29T10:25:40.420+05:30  INFO 4084 --- [http-nio-8087-exec-4] c.m.h.s.i.SurveyDetailsServiceImpl       : SurveyDetailsServiceImpl::setResponseListDetails()::end
2024-02-29T10:25:40.421+05:30  INFO 4084 --- [http-nio-8087-exec-4] c.m.h.s.i.SurveyDetailsServiceImpl       : SurveyDetailsServiceImpl::setResponseListDetails()::start
2024-02-29T10:25:40.421+05:30  INFO 4084 --- [http-nio-8087-exec-4] c.m.h.s.i.SurveyDetailsServiceImpl       : SurveyDetailsServiceImpl::setResponseListDetails()::end
2024-02-29T10:25:40.422+05:30  INFO 4084 --- [http-nio-8087-exec-4] c.m.h.s.i.SurveyDetailsServiceImpl       : SurveyDetailsServiceImpl::setResponseListDetails()::start
2024-02-29T10:25:40.423+05:30  INFO 4084 --- [http-nio-8087-exec-4] c.m.h.s.i.SurveyDetailsServiceImpl       : SurveyDetailsServiceImpl::setResponseListDetails()::end
2024-02-29T10:25:40.424+05:30  INFO 4084 --- [http-nio-8087-exec-4] c.m.h.s.i.SurveyDetailsServiceImpl       : SurveyDetailsServiceImpl::setResponseListDetails()::start
2024-02-29T10:25:40.424+05:30  INFO 4084 --- [http-nio-8087-exec-4] c.m.h.s.i.SurveyDetailsServiceImpl       : SurveyDetailsServiceImpl::setResponseListDetails()::end
2024-02-29T10:25:40.460+05:30  INFO 4084 --- [http-nio-8087-exec-4] c.m.h.s.i.SurveyDetailsServiceImpl       : SurveyDetailsServiceImpl::getExcelDataAsList()::workbook created
2024-02-29T10:25:40.460+05:30  INFO 4084 --- [http-nio-8087-exec-4] c.m.h.s.i.SurveyDetailsServiceImpl       : SurveyDetailsServiceImpl::setQuestionCountPerLevel()::start
2024-02-29T10:25:40.460+05:30  INFO 4084 --- [http-nio-8087-exec-4] c.m.h.s.i.SurveyDetailsServiceImpl       : SurveyDetailsServiceImpl::setQuestionCountPerLevel()::end
2024-02-29T10:25:40.460+05:30  INFO 4084 --- [http-nio-8087-exec-4] c.m.h.s.i.SurveyDetailsServiceImpl       : SurveyDetailsServiceImpl::setResponseListDetails()::start
2024-02-29T10:25:40.460+05:30  INFO 4084 --- [http-nio-8087-exec-4] c.m.h.s.i.SurveyDetailsServiceImpl       : SurveyDetailsServiceImpl::setResponseListDetails()::end
2024-02-29T10:25:40.460+05:30  INFO 4084 --- [http-nio-8087-exec-4] c.m.h.s.i.SurveyDetailsServiceImpl       : SurveyDetailsServiceImpl::setResponseListDetails()::start
2024-02-29T10:25:40.461+05:30  INFO 4084 --- [http-nio-8087-exec-4] c.m.h.s.i.SurveyDetailsServiceImpl       : SurveyDetailsServiceImpl::setResponseListDetails()::end
2024-02-29T10:25:40.462+05:30  INFO 4084 --- [http-nio-8087-exec-4] c.m.h.s.i.SurveyDetailsServiceImpl       : SurveyDetailsServiceImpl::setResponseListDetails()::start
2024-02-29T10:25:40.462+05:30  INFO 4084 --- [http-nio-8087-exec-4] c.m.h.s.i.SurveyDetailsServiceImpl       : SurveyDetailsServiceImpl::setResponseListDetails()::end
2024-02-29T10:25:40.462+05:30  INFO 4084 --- [http-nio-8087-exec-4] c.m.h.s.i.SurveyDetailsServiceImpl       : SurveyDetailsServiceImpl::setResponseListDetails()::start
2024-02-29T10:25:40.463+05:30  INFO 4084 --- [http-nio-8087-exec-4] c.m.h.s.i.SurveyDetailsServiceImpl       : SurveyDetailsServiceImpl::setResponseListDetails()::end
2024-02-29T10:25:40.476+05:30  INFO 4084 --- [http-nio-8087-exec-4] c.m.h.s.i.SurveyDetailsServiceImpl       : SurveyDetailsServiceImpl::setSurveyDetails()::start
2024-02-29T10:25:40.477+05:30  INFO 4084 --- [http-nio-8087-exec-4] c.m.h.s.i.SurveyDetailsServiceImpl       : SurveyDetailsServiceImpl::setSurveyDetails()::end
2024-02-29T10:25:40.477+05:30  INFO 4084 --- [http-nio-8087-exec-4] c.m.h.s.i.SurveyDetailsServiceImpl       : SurveyDetailsServiceImpl::saveExcelData()::start
2024-02-29T10:25:40.492+05:30  INFO 4084 --- [http-nio-8087-exec-4] c.m.h.s.i.SurveyDetailsServiceImpl       : SurveyDetailsServiceImpl::saveExcelData()::end
2024-02-29T10:25:40.492+05:30  INFO 4084 --- [http-nio-8087-exec-4] c.m.h.s.i.ScoreCalculationServiceImpl    : ScoreCalculationService::scorecalculationmethod::started
2024-02-29T10:25:40.504+05:30  INFO 4084 --- [http-nio-8087-exec-4] c.m.h.s.i.ScoreCalculationServiceImpl    : SurveyDetails com.maveric.hr360.entity.SurveyDetails@2dac1aad fetched successfully for the given survey name survey_2024-02-29T10:25:40
2024-02-29T10:25:40.504+05:30  INFO 4084 --- [http-nio-8087-exec-4] c.m.h.s.i.ScoreCalculationServiceImpl    : collecting distinct emp id list from surveydeatils [1005393, 1009021, 1008245]
2024-02-29T10:25:40.504+05:30  INFO 4084 --- [http-nio-8087-exec-4] c.m.h.s.i.ScoreCalculationServiceImpl    : for empid 1005393 reportdetails call 
2024-02-29T10:25:40.504+05:30  INFO 4084 --- [http-nio-8087-exec-4] c.m.h.s.i.ScoreCalculationServiceImpl    : scoreCalculationforOneEmployee call started
2024-02-29T10:25:40.506+05:30  INFO 4084 --- [http-nio-8087-exec-4] c.m.h.s.i.ScoreCalculationServiceImpl    : aggregated response  com.maveric.hr360.entity.EmployeesResponse@2b41d7fe
2024-02-29T10:25:40.507+05:30  INFO 4084 --- [http-nio-8087-exec-4] c.m.h.s.i.ScoreCalculationServiceImpl    : calculateReportDetails for employee Id 1005393 is started
2024-02-29T10:25:40.507+05:30  INFO 4084 --- [http-nio-8087-exec-4] c.m.h.s.i.ScoreCalculationServiceImpl    : calculateReportDetails method call started for emp 1005393
2024-02-29T10:25:40.510+05:30 ERROR 4084 --- [http-nio-8087-exec-4] c.m.h.s.i.ScoreCalculationServiceImpl    : Failed to calculate report details for employee ID 1005393 and delete the entries from reportdetails,absolutescore,percentile and Nth percentile, exception message Cannot invoke "com.maveric.hr360.entity.Questions.getQuestionSection()" because "questions" is null
2024-02-29T10:25:40.525+05:30 ERROR 4084 --- [http-nio-8087-exec-4] c.m.h.s.i.ScoreCalculationServiceImpl    : error in scoreCalculation method ,exception message Score calculation failed.Exception occured while computing score for EmployeeId - 1005393
2024-02-29T11:06:09.093+05:30  INFO 4084 --- [RMI TCP Connection(49)-127.0.0.1] inMXBeanRegistrar$SpringApplicationAdmin : Application shutdown requested.
